<?xml version="1.0" encoding="UTF-8" ?>
<testsuite tests="0" failures="0" name="com.tinkoff.edu.AppTest" time="0" errors="0" skipped="0">
  <properties>
    <property name="java.vendor" value="AdoptOpenJDK"/>
    <property name="sun.java.launcher" value="SUN_STANDARD"/>
    <property name="os.name" value="Windows 10"/>
    <property name="sun.desktop" value="windows"/>
    <property name="java.vm.specification.vendor" value="Oracle Corporation"/>
    <property name="java.runtime.version" value="15.0.2+7"/>
    <property name="user.name" value="k.barysheva"/>
    <property name="java.compiler" value="j9jit29"/>
    <property name="os.encoding" value="UTF8"/>
    <property name="guice.disable.misplaced.annotation.check" value="true"/>
    <property name="com.ibm.util.extralibs.properties" value=""/>
    <property name="com.ibm.jcl.checkClassPath" value=""/>
    <property name="user.language" value="ru"/>
    <property name="com.ibm.oti.vm.bootstrap.library.path" value="C:\Users\k.barysheva\.jdks\adopt-openj9-15.0.2\bin\compressedrefs;C:\Users\k.barysheva\.jdks\adopt-openj9-15.0.2\bin"/>
    <property name="idea.version" value="2020.2.4"/>
    <property name="sun.boot.library.path" value="C:\Users\k.barysheva\.jdks\adopt-openj9-15.0.2\bin\compressedrefs;C:\Users\k.barysheva\.jdks\adopt-openj9-15.0.2\bin"/>
    <property name="classworlds.conf" value="C:\Program Files\JetBrains\IntelliJ IDEA Community Edition 2020.2\plugins\maven\lib\maven3\bin\m2.conf"/>
    <property name="jdk.extensions.version" value="15.0.2.0"/>
    <property name="java.version" value="15.0.2"/>
    <property name="user.timezone" value="Europe/Moscow"/>
    <property name="com.ibm.system.agent.path" value="C:\Users\k.barysheva\.jdks\adopt-openj9-15.0.2\bin"/>
    <property name="sun.arch.data.model" value="64"/>
    <property name="com.ibm.oti.vm.library.version" value="29"/>
    <property name="sun.jnu.encoding" value="Cp1251"/>
    <property name="file.encoding.pkg" value="sun.io"/>
    <property name="file.separator" value="\"/>
    <property name="java.specification.name" value="Java Platform API Specification"/>
    <property name="maven.conf" value="C:\Program Files\JetBrains\IntelliJ IDEA Community Edition 2020.2\plugins\maven\lib\maven3/conf"/>
    <property name="java.class.version" value="59.0"/>
    <property name="user.country" value="RU"/>
    <property name="java.home" value="C:\Users\k.barysheva\.jdks\adopt-openj9-15.0.2"/>
    <property name="java.vm.info" value="JRE 15 Windows 10 amd64-64-Bit Compressed References 20210121_173 (JIT enabled, AOT enabled)
OpenJ9   - 345e1b09e
OMR      - 741e94ea8
JCL      - 863b523566 based on jdk-15.0.2+7"/>
    <property name="os.version" value="10.0"/>
    <property name="jdk.boot.class.path.append" value=""/>
    <property name="sun.nio.MaxDirectMemorySize" value="3700236288"/>
    <property name="java.awt.fonts" value=""/>
    <property name="path.separator" value=";"/>
    <property name="java.vm.version" value="openj9-0.24.0"/>
    <property name="user.variant" value=""/>
    <property name="maven.ext.class.path" value="C:\Program Files\JetBrains\IntelliJ IDEA Community Edition 2020.2\plugins\maven\lib\maven-event-listener.jar"/>
    <property name="java.awt.printerjob" value="sun.awt.windows.WPrinterJob"/>
    <property name="jdk.extensions.name" value="Extensions for OpenJDK for Eclipse OpenJ9"/>
    <property name="sun.io.unicode.encoding" value="UnicodeLittle"/>
    <property name="sun.nio.PageAlignDirectMemory" value="false"/>
    <property name="awt.toolkit" value="sun.awt.windows.WToolkit"/>
    <property name="ibm.signalhandling.sigint" value="true"/>
    <property name="user.home" value="C:\Users\k.barysheva"/>
    <property name="com.ibm.cpu.endian" value="little"/>
    <property name="java.version.date" value="2021-01-19"/>
    <property name="java.specification.vendor" value="Oracle Corporation"/>
    <property name="ibm.signalhandling.sigchain" value="true"/>
    <property name="java.library.path" value="C:\Users\k.barysheva\.jdks\adopt-openj9-15.0.2\bin\compressedrefs;C:\Users\k.barysheva\.jdks\adopt-openj9-15.0.2\bin;C:\WINDOWS\system32;C:\WINDOWS;C:\Program Files\Eclipse Foundation\jdk-11.0.12.7-hotspot\bin;C:\app\product\18.0.0\client_1\bin;C:\app\product\11.2.0\client_1\bin;C:\Program Files (x86)\Nice Systems\NICE Player Codec Pack\;C:\Program Files (x86)\Common Files\Oracle\Java\javapath;C:\Windows\system32;C:\Windows;C:\Windows\System32\Wbem;C:\Windows\System32\WindowsPowerShell\v1.0\;C:\Windows\System32\OpenSSH\;C:\Program Files\Microsoft Network Monitor 3\;C:\Program Files\PuTTY\;C:\Program Files\Intel\WiFi\bin\;C:\Program Files\Common Files\Intel\WirelessCommon\;C:\Users\k.barysheva\AppData\Local\Programs\Python\Python37\;C:\Program Files\Docker\Docker\resources\bin;C:\ProgramData\DockerDesktop\version-bin;C:\Program Files\Git\cmd;C:\Program Files\nodejs\;C:\Go\bin;C:\WINDOWS\system32;C:\WINDOWS;C:\WINDOWS\System32\Wbem;C:\WINDOWS\System32\WindowsPowerShell\v1.0\;C:\WINDOWS\System32\OpenSSH\;C:\Users\k.barysheva\.windows-build-tools\python27\;C:\Users\k.barysheva\AppData\Local\Microsoft\WindowsApps;C:\Users\k.barysheva\AppData\Local\Programs\Microsoft VS Code\bin;C:\Users\k.barysheva\AppData\Roaming\npm;C:\Users\k.barysheva\go\bin;C:\Users\k.barysheva\AppData\Local\Microsoft\WindowsApps;C:\Program Files\JetBrains\IntelliJ IDEA Community Edition 2020.2\plugins\maven\lib\maven3\\bin;;."/>
    <property name="java.vendor.url" value="https://adoptopenjdk.net/"/>
    <property name="java.vm.vendor" value="Eclipse OpenJ9"/>
    <property name="java.fullversion" value="15.0.2+7
JRE 15 Windows 10 amd64-64-Bit Compressed References 20210121_173 (JIT enabled, AOT enabled)
OpenJ9   - 345e1b09e
OMR      - 741e94ea8
JCL      - 863b523566 based on jdk-15.0.2+7"/>
    <property name="maven.home" value="C:\Program Files\JetBrains\IntelliJ IDEA Community Edition 2020.2\plugins\maven\lib\maven3"/>
    <property name="java.runtime.name" value="OpenJDK Runtime Environment"/>
    <property name="sun.java.command" value="org.codehaus.classworlds.Launcher -Didea.version=2020.2.4 clean verify"/>
    <property name="java.class.path" value="C:\Program Files\JetBrains\IntelliJ IDEA Community Edition 2020.2\plugins\maven\lib\maven3\boot\plexus-classworlds-2.6.0.jar;C:\Program Files\JetBrains\IntelliJ IDEA Community Edition 2020.2\plugins\maven\lib\maven3\boot\plexus-classworlds.license;C:\Program Files\JetBrains\IntelliJ IDEA Community Edition 2020.2\lib\idea_rt.jar"/>
    <property name="java.vm.specification.name" value="Java Virtual Machine Specification"/>
    <property name="java.vm.specification.version" value="15"/>
    <property name="sun.cpu.endian" value="little"/>
    <property name="java.io.tmpdir" value="C:\Users\K378A~1.BAR\AppData\Local\Temp\"/>
    <property name="java.vendor.url.bug" value="https://github.com/AdoptOpenJDK/openjdk-support/issues"/>
    <property name="maven.multiModuleProjectDirectory" value="C:\JavaProject\app"/>
    <property name="ibm.system.encoding" value="Cp1251"/>
    <property name="os.arch" value="amd64"/>
    <property name="java.awt.graphicsenv" value="sun.awt.Win32GraphicsEnvironment"/>
    <property name="ibm.signalhandling.rs" value="false"/>
    <property name="user.dir" value="C:\JavaProject\app"/>
    <property name="line.separator" value="
"/>
    <property name="java.vm.name" value="Eclipse OpenJ9 VM"/>
    <property name="com.ibm.oti.shared.enabled" value="false"/>
    <property name="com.ibm.vm.bitmode" value="64"/>
    <property name="file.encoding" value="UTF-8"/>
    <property name="java.specification.version" value="15"/>
    <property name="com.ibm.oti.configuration" value="scar"/>
    <property name="java.vendor.version" value="AdoptOpenJDK"/>
  </properties>
</testsuite>